<?xml version="1.0" encoding="UTF-8"?>
<!-- Generated by org.testng.reporters.JUnitReportReporter -->
<testsuite hostname="DESKTOP-UU5R0UP" failures="0" tests="1" name="laRosatest.testclass" time="6.764" errors="0" timestamp="2024-12-17T11:25:09 GMT" skipped="0">
  <testcase classname="laRosatest.testclass" name="testlarosa" time="6.764"/>
  <system-out/>
</testsuite> <!-- laRosatest.testclass -->
